<?xml version="1.0" encoding="UTF-8"?>
<!-- Generated by org.testng.reporters.JUnitXMLReporter -->
<testsuite hostname="HDDT0260" name="Default test" tests="1" failures="1" timestamp="29 Mar 2018 15:16:19 GMT" time="165.999" errors="0">
  <testcase name="feature" time="164.637" classname="DSTPS.Automation.HybridDesktop.ConditionsAutomation.runners.ConditionsFeature_TestRunner">
    <failure type="cucumber.runtime.CucumberException" message="cucumber.runtime.CucumberException: Arity mismatch: Step Definition &amp;apos;DSTPS.Automation.HybridDesktop.ConditionsAutomation.stepDefinitions.StepDefinitionsSearchCondition.goToApplicationBaseState(String,String&amp;gt;) in file:/D:/Selenium/BDD-Cucumber/Scripts/ConditionsAutomation/target/test-classes/&amp;apos; with pattern [^User navigates to the Conditions Home Page using menu details$] is declared with 1 parameters. However, the gherkin step has 0 arguments []. 
Step: Given User navigates to the Conditions Home Page using menu details">
      <![CDATA[cucumber.runtime.CucumberException: cucumber.runtime.CucumberException: Arity mismatch: Step Definition 'DSTPS.Automation.HybridDesktop.ConditionsAutomation.stepDefinitions.StepDefinitionsSearchCondition.goToApplicationBaseState(String,String>) in file:/D:/Selenium/BDD-Cucumber/Scripts/ConditionsAutomation/target/test-classes/' with pattern [^User navigates to the Conditions Home Page using menu details$] is declared with 1 parameters. However, the gherkin step has 0 arguments []. 
Step: Given User navigates to the Conditions Home Page using menu details
	at cucumber.api.testng.TestNGCucumberRunner.runCucumber(TestNGCucumberRunner.java:69)
	at cucumber.api.testng.AbstractTestNGCucumberTests.feature(AbstractTestNGCucumberTests.java:21)
	at sun.reflect.NativeMethodAccessorImpl.invoke0(Native Method)
	at sun.reflect.NativeMethodAccessorImpl.invoke(Unknown Source)
	at sun.reflect.DelegatingMethodAccessorImpl.invoke(Unknown Source)
	at java.lang.reflect.Method.invoke(Unknown Source)
	at org.testng.internal.MethodInvocationHelper.invokeMethod(MethodInvocationHelper.java:86)
	at org.testng.internal.Invoker.invokeMethod(Invoker.java:643)
	at org.testng.internal.Invoker.invokeTestMethod(Invoker.java:820)
	at org.testng.internal.Invoker.invokeTestMethods(Invoker.java:1128)
	at org.testng.internal.TestMethodWorker.invokeTestMethods(TestMethodWorker.java:129)
	at org.testng.internal.TestMethodWorker.run(TestMethodWorker.java:112)
	at org.testng.TestRunner.privateRun(TestRunner.java:782)
	at org.testng.TestRunner.run(TestRunner.java:632)
	at org.testng.SuiteRunner.runTest(SuiteRunner.java:366)
	at org.testng.SuiteRunner.runSequentially(SuiteRunner.java:361)
	at org.testng.SuiteRunner.privateRun(SuiteRunner.java:319)
	at org.testng.SuiteRunner.run(SuiteRunner.java:268)
	at org.testng.SuiteRunnerWorker.runSuite(SuiteRunnerWorker.java:52)
	at org.testng.SuiteRunnerWorker.run(SuiteRunnerWorker.java:86)
	at org.testng.TestNG.runSuitesSequentially(TestNG.java:1244)
	at org.testng.TestNG.runSuitesLocally(TestNG.java:1169)
	at org.testng.TestNG.run(TestNG.java:1064)
	at org.testng.remote.AbstractRemoteTestNG.run(AbstractRemoteTestNG.java:114)
	at org.testng.remote.RemoteTestNG.initAndRun(RemoteTestNG.java:251)
	at org.testng.remote.RemoteTestNG.main(RemoteTestNG.java:77)
Caused by: cucumber.runtime.CucumberException: Arity mismatch: Step Definition 'DSTPS.Automation.HybridDesktop.ConditionsAutomation.stepDefinitions.StepDefinitionsSearchCondition.goToApplicationBaseState(String,String>) in file:/D:/Selenium/BDD-Cucumber/Scripts/ConditionsAutomation/target/test-classes/' with pattern [^User navigates to the Conditions Home Page using menu details$] is declared with 1 parameters. However, the gherkin step has 0 arguments []. 
Step: Given User navigates to the Conditions Home Page using menu details
	at cucumber.runtime.StepDefinitionMatch.arityMismatch(StepDefinitionMatch.java:102)
	at cucumber.runtime.StepDefinitionMatch.transformedArgs(StepDefinitionMatch.java:60)
	at cucumber.runtime.StepDefinitionMatch.runStep(StepDefinitionMatch.java:37)
	at cucumber.runtime.Runtime.runStep(Runtime.java:300)
	at cucumber.runtime.model.StepContainer.runStep(StepContainer.java:44)
	at cucumber.runtime.model.StepContainer.runSteps(StepContainer.java:39)
	at cucumber.runtime.model.CucumberScenario.run(CucumberScenario.java:44)
	at cucumber.runtime.model.CucumberScenarioOutline.run(CucumberScenarioOutline.java:46)
	at cucumber.runtime.model.CucumberFeature.run(CucumberFeature.java:165)
	at cucumber.api.testng.TestNGCucumberRunner.runCucumber(TestNGCucumberRunner.java:63)
	... 25 more
]]>
    </failure>
  </testcase> <!-- feature -->
</testsuite> <!-- Default test -->
